c:\users\omistaja\desktop\mycomplier\lexicalanalyzer\build\debug\lexicalanalyzer.pdb
c:\users\omistaja\desktop\mycomplier\lexicalanalyzer\build\lexicalanalyzer.dir\debug\transitionpunctuation.obj
c:\users\omistaja\desktop\mycomplier\lexicalanalyzer\build\lexicalanalyzer.dir\debug\transitionliteral.obj
c:\users\omistaja\desktop\mycomplier\lexicalanalyzer\build\lexicalanalyzer.dir\debug\transitionkeyword.obj
c:\users\omistaja\desktop\mycomplier\lexicalanalyzer\build\lexicalanalyzer.dir\debug\transitionidentifier.obj
c:\users\omistaja\desktop\mycomplier\lexicalanalyzer\build\lexicalanalyzer.dir\debug\lexicalanalyzer.obj
c:\users\omistaja\desktop\mycomplier\lexicalanalyzer\build\lexicalanalyzer.dir\debug\finiteautomata.obj
c:\users\omistaja\desktop\mycomplier\lexicalanalyzer\build\lexicalanalyzer.dir\debug\filemanager.obj
c:\users\omistaja\desktop\mycomplier\lexicalanalyzer\build\lexicalanalyzer.dir\debug\transition.obj
c:\users\omistaja\desktop\mycomplier\lexicalanalyzer\build\cmakefiles\generate.stamp
c:\users\omistaja\desktop\mycomplier\lexicalanalyzer\build\debug\lexicalanalyzer.lib
c:\users\omistaja\desktop\mycomplier\lexicalanalyzer\build\lexicalanalyzer.dir\debug\main.obj
c:\users\omistaja\desktop\mycomplier\lexicalanalyzer\build\lexicalanalyzer.dir\debug\lexicalanalyzer.tlog\cl.command.1.tlog
c:\users\omistaja\desktop\mycomplier\lexicalanalyzer\build\lexicalanalyzer.dir\debug\lexicalanalyzer.tlog\cl.items.tlog
c:\users\omistaja\desktop\mycomplier\lexicalanalyzer\build\lexicalanalyzer.dir\debug\lexicalanalyzer.tlog\cl.read.1.tlog
c:\users\omistaja\desktop\mycomplier\lexicalanalyzer\build\lexicalanalyzer.dir\debug\lexicalanalyzer.tlog\cl.write.1.tlog
c:\users\omistaja\desktop\mycomplier\lexicalanalyzer\build\lexicalanalyzer.dir\debug\lexicalanalyzer.tlog\custombuild.command.1.tlog
c:\users\omistaja\desktop\mycomplier\lexicalanalyzer\build\lexicalanalyzer.dir\debug\lexicalanalyzer.tlog\custombuild.read.1.tlog
c:\users\omistaja\desktop\mycomplier\lexicalanalyzer\build\lexicalanalyzer.dir\debug\lexicalanalyzer.tlog\custombuild.write.1.tlog
c:\users\omistaja\desktop\mycomplier\lexicalanalyzer\build\lexicalanalyzer.dir\debug\lexicalanalyzer.tlog\lib-link.read.1.tlog
c:\users\omistaja\desktop\mycomplier\lexicalanalyzer\build\lexicalanalyzer.dir\debug\lexicalanalyzer.tlog\lib-link.write.1.tlog
c:\users\omistaja\desktop\mycomplier\lexicalanalyzer\build\lexicalanalyzer.dir\debug\lexicalanalyzer.tlog\lib.command.1.tlog
