c:\users\omistaja\desktop\kouluprojektit\ohjelmoinninperusteet\harjoitusprojekti3\lexicalanalyzer\release\lexicalanalyzer.pdb
c:\users\omistaja\desktop\kouluprojektit\ohjelmoinninperusteet\harjoitusprojekti3\lexicalanalyzer\lexicalanalyzer\release\transitionpunctuation.obj
c:\users\omistaja\desktop\kouluprojektit\ohjelmoinninperusteet\harjoitusprojekti3\lexicalanalyzer\lexicalanalyzer\release\transitionliteral.obj
c:\users\omistaja\desktop\kouluprojektit\ohjelmoinninperusteet\harjoitusprojekti3\lexicalanalyzer\lexicalanalyzer\release\transitionkeyword.obj
c:\users\omistaja\desktop\kouluprojektit\ohjelmoinninperusteet\harjoitusprojekti3\lexicalanalyzer\lexicalanalyzer\release\transitionidentifier.obj
c:\users\omistaja\desktop\kouluprojektit\ohjelmoinninperusteet\harjoitusprojekti3\lexicalanalyzer\lexicalanalyzer\release\lexicalanalyzer.obj
c:\users\omistaja\desktop\kouluprojektit\ohjelmoinninperusteet\harjoitusprojekti3\lexicalanalyzer\lexicalanalyzer\release\inputhandler.obj
c:\users\omistaja\desktop\kouluprojektit\ohjelmoinninperusteet\harjoitusprojekti3\lexicalanalyzer\lexicalanalyzer\release\finiteautomata.obj
c:\users\omistaja\desktop\kouluprojektit\ohjelmoinninperusteet\harjoitusprojekti3\lexicalanalyzer\lexicalanalyzer\release\filemanager.obj
c:\users\omistaja\desktop\kouluprojektit\ohjelmoinninperusteet\harjoitusprojekti3\lexicalanalyzer\release\lexicalanalyzer.lib
c:\users\omistaja\desktop\kouluprojektit\ohjelmoinninperusteet\harjoitusprojekti3\lexicalanalyzer\release\lexicalanalyzer.exe
c:\users\omistaja\desktop\kouluprojektit\ohjelmoinninperusteet\harjoitusprojekti3\lexicalanalyzer\lexicalanalyzer\release\lexicalanalyzer.ipdb
c:\users\omistaja\desktop\kouluprojektit\ohjelmoinninperusteet\harjoitusprojekti3\lexicalanalyzer\lexicalanalyzer\release\lexicalanalyzer.iobj
c:\users\omistaja\desktop\kouluprojektit\ohjelmoinninperusteet\harjoitusprojekti3\lexicalanalyzer\lexicalanalyzer\release\main.obj
c:\users\omistaja\desktop\kouluprojektit\ohjelmoinninperusteet\harjoitusprojekti3\lexicalanalyzer\lexicalanalyzer\release\vc143.pdb
c:\users\omistaja\desktop\kouluprojektit\ohjelmoinninperusteet\harjoitusprojekti3\lexicalanalyzer\lexicalanalyzer\release\lexicalanalyzer.tlog\cl.command.1.tlog
c:\users\omistaja\desktop\kouluprojektit\ohjelmoinninperusteet\harjoitusprojekti3\lexicalanalyzer\lexicalanalyzer\release\lexicalanalyzer.tlog\cl.items.tlog
c:\users\omistaja\desktop\kouluprojektit\ohjelmoinninperusteet\harjoitusprojekti3\lexicalanalyzer\lexicalanalyzer\release\lexicalanalyzer.tlog\cl.read.1.tlog
c:\users\omistaja\desktop\kouluprojektit\ohjelmoinninperusteet\harjoitusprojekti3\lexicalanalyzer\lexicalanalyzer\release\lexicalanalyzer.tlog\cl.write.1.tlog
c:\users\omistaja\desktop\kouluprojektit\ohjelmoinninperusteet\harjoitusprojekti3\lexicalanalyzer\lexicalanalyzer\release\lexicalanalyzer.tlog\lib-link.read.1.tlog
c:\users\omistaja\desktop\kouluprojektit\ohjelmoinninperusteet\harjoitusprojekti3\lexicalanalyzer\lexicalanalyzer\release\lexicalanalyzer.tlog\lib-link.write.1.tlog
c:\users\omistaja\desktop\kouluprojektit\ohjelmoinninperusteet\harjoitusprojekti3\lexicalanalyzer\lexicalanalyzer\release\lexicalanalyzer.tlog\lib.command.1.tlog
c:\users\omistaja\desktop\kouluprojektit\ohjelmoinninperusteet\harjoitusprojekti3\lexicalanalyzer\lexicalanalyzer\release\lexicalanalyzer.tlog\link.command.1.tlog
c:\users\omistaja\desktop\kouluprojektit\ohjelmoinninperusteet\harjoitusprojekti3\lexicalanalyzer\lexicalanalyzer\release\lexicalanalyzer.tlog\link.read.1.tlog
c:\users\omistaja\desktop\kouluprojektit\ohjelmoinninperusteet\harjoitusprojekti3\lexicalanalyzer\lexicalanalyzer\release\lexicalanalyzer.tlog\link.write.1.tlog
c:\users\omistaja\desktop\kouluprojektit\ohjelmoinninperusteet\harjoitusprojekti3\lexicalanalyzer\lexicalanalyzer\release\lexicalanalyzer.tlog\link.write.2u.tlog
